#
# There is insufficient memory for the Java Runtime Environment to continue.
# Native memory allocation (malloc) failed to allocate 1048576 bytes for AllocateHeap
# Possible reasons:
#   The system is out of physical RAM or swap space
#   The process is running with CompressedOops enabled, and the Java Heap may be blocking the growth of the native heap
# Possible solutions:
#   Reduce memory load on the system
#   Increase physical memory or swap space
#   Check if swap backing store is full
#   Decrease Java heap size (-Xmx/-Xms)
#   Decrease number of Java threads
#   Decrease Java thread stack sizes (-Xss)
#   Set larger code cache with -XX:ReservedCodeCacheSize=
#   JVM is running with Unscaled Compressed Oops mode in which the Java heap is
#     placed in the first 4GB address space. The Java Heap base address is the
#     maximum limit for the native heap growth. Please use -XX:HeapBaseMinAddress
#     to set the Java Heap base and to place the Java Heap above 4GB virtual address.
# This output file may be truncated or incomplete.
#
#  Out of Memory Error (memory/allocation.inline.hpp:61), pid=13712, tid=0x0000000000003484
#
# JRE version:  (8.0_241-b07) (build )
# Java VM: Java HotSpot(TM) 64-Bit Server VM (25.241-b07 mixed mode windows-amd64 compressed oops)
# Failed to write core dump. Minidumps are not enabled by default on client versions of Windows
#

---------------  T H R E A D  ---------------

Current thread (0x000000000311e000):  JavaThread "Unknown thread" [_thread_in_vm, id=13444, stack(0x00000000016c0000,0x00000000017c0000)]

Stack: [0x00000000016c0000,0x00000000017c0000]
[error occurred during error reporting (printing stack bounds), id 0xc0000005]

Native frames: (J=compiled Java code, j=interpreted, Vv=VM code, C=native code)


---------------  P R O C E S S  ---------------

Java Threads: ( => current thread )

Other Threads:

=>0x000000000311e000 (exited) JavaThread "Unknown thread" [_thread_in_vm, id=13444, stack(0x00000000016c0000,0x00000000017c0000)]

VM state:not at safepoint (normal execution)

VM Mutex/Monitor currently owned by a thread: None

heap address: 0x00000000c2600000, size: 986 MB, Compressed Oops mode: 32-bit
Narrow klass base: 0x0000000000000000, Narrow klass shift: 3
Compressed class space size: 1073741824 Address: 0x0000000100000000

Heap:
 PSYoungGen      total 18432K, used 317K [0x00000000eb780000, 0x00000000ecc00000, 0x0000000100000000)
  eden space 15872K, 2% used [0x00000000eb780000,0x00000000eb7cf5d0,0x00000000ec700000)
  from space 2560K, 0% used [0x00000000ec980000,0x00000000ec980000,0x00000000ecc00000)
  to   space 2560K, 0% used [0x00000000ec700000,0x00000000ec700000,0x00000000ec980000)
 ParOldGen       total 42496K, used 0K [0x00000000c2600000, 0x00000000c4f80000, 0x00000000eb780000)
  object space 42496K, 0% used [0x00000000c2600000,0x00000000c2600000,0x00000000c4f80000)
 Metaspace       used 752K, capacity 4480K, committed 4480K, reserved 1056768K
  class space    used 76K, capacity 384K, committed 384K, reserved 1048576K

Card table byte_map: [0x00000000124e0000,0x00000000126d0000] byte_map_base: 0x0000000011ecd000

Marking Bits: (ParMarkBitMap*) 0x000000006690be30
 Begin Bits: [0x0000000012c20000, 0x0000000013b88000)
 End Bits:   [0x0000000013b88000, 0x0000000014af0000)

Polling page: 0x0000000001270000

CodeCache: size=245760Kb used=327Kb max_used=327Kb free=245432Kb
 bounds [0x0000000003120000, 0x0000000003390000, 0x0000000012120000]
 total_blobs=57 nmethods=0 adapters=38
 compilation: enabled

Compilation events (0 events):
No events

GC Heap History (0 events):
No events

Deoptimization events (0 events):
No events

Classes redefined (0 events):
No events

Internal exceptions (0 events):
No events

Events (10 events):
Event: 0.081 loading class java/lang/Short
Event: 0.081 loading class java/lang/Short done
Event: 0.081 loading class java/lang/Integer
Event: 0.082 loading class java/lang/Integer done
Event: 0.082 loading class java/lang/Long
Event: 0.083 loading class java/lang/Long done
Event: 0.086 loading class java/lang/NullPointerException
Event: 0.086 loading class java/lang/NullPointerException done
Event: 0.086 loading class java/lang/ArithmeticException
Event: 0.086 loading class java/lang/ArithmeticException done


Dynamic libraries:
0x00007ff78b4e0000 - 0x00007ff78b517000 	C:\Program Files\Java\jre1.8.0_241\bin\javaw.exe
0x00007ffe0b8e0000 - 0x00007ffe0bad0000 	C:\WINDOWS\SYSTEM32\ntdll.dll
0x00007ffe0b5a0000 - 0x00007ffe0b652000 	C:\WINDOWS\System32\KERNEL32.DLL
0x00007ffe08bd0000 - 0x00007ffe08e73000 	C:\WINDOWS\System32\KERNELBASE.dll
0x00007ffe09a10000 - 0x00007ffe09ab3000 	C:\WINDOWS\System32\ADVAPI32.dll
0x00007ffe0b7a0000 - 0x00007ffe0b83e000 	C:\WINDOWS\System32\msvcrt.dll
0x00007ffe09c10000 - 0x00007ffe09ca7000 	C:\WINDOWS\System32\sechost.dll
0x00007ffe0a640000 - 0x00007ffe0a760000 	C:\WINDOWS\System32\RPCRT4.dll
0x00007ffe09cb0000 - 0x00007ffe09e44000 	C:\WINDOWS\System32\USER32.dll
0x00007ffe097c0000 - 0x00007ffe097e1000 	C:\WINDOWS\System32\win32u.dll
0x00007ffe09e50000 - 0x00007ffe09e76000 	C:\WINDOWS\System32\GDI32.dll
0x00007ffe097f0000 - 0x00007ffe09984000 	C:\WINDOWS\System32\gdi32full.dll
0x00007ffe088c0000 - 0x00007ffe0895e000 	C:\WINDOWS\System32\msvcp_win.dll
0x00007ffe08980000 - 0x00007ffe08a7a000 	C:\WINDOWS\System32\ucrtbase.dll
0x00007ffdec600000 - 0x00007ffdec885000 	C:\WINDOWS\WinSxS\amd64_microsoft.windows.common-controls_6595b64144ccf1df_6.0.18362.657_none_e6c5b579130e3898\COMCTL32.dll
0x00007ffe0a760000 - 0x00007ffe0aa96000 	C:\WINDOWS\System32\combase.dll
0x00007ffe08ee0000 - 0x00007ffe08f60000 	C:\WINDOWS\System32\bcryptPrimitives.dll
0x00007ffe0b570000 - 0x00007ffe0b59e000 	C:\WINDOWS\System32\IMM32.DLL
0x0000000066000000 - 0x00000000660d2000 	C:\Program Files\Java\jre1.8.0_241\bin\msvcr100.dll
0x00000000660e0000 - 0x000000006698c000 	C:\Program Files\Java\jre1.8.0_241\bin\server\jvm.dll
0x00007ffe0b4e0000 - 0x00007ffe0b4e8000 	C:\WINDOWS\System32\PSAPI.DLL
0x00007ffdf7b60000 - 0x00007ffdf7b69000 	C:\WINDOWS\SYSTEM32\WSOCK32.dll
0x00007ffe0afc0000 - 0x00007ffe0b02f000 	C:\WINDOWS\System32\WS2_32.dll
0x00007ffdfaf20000 - 0x00007ffdfaf44000 	C:\WINDOWS\SYSTEM32\WINMM.dll
0x00007ffdff1d0000 - 0x00007ffdff1da000 	C:\WINDOWS\SYSTEM32\VERSION.dll
0x00007ffdfa380000 - 0x00007ffdfa3ad000 	C:\WINDOWS\SYSTEM32\winmmbase.dll
0x00007ffe08870000 - 0x00007ffe088ba000 	C:\WINDOWS\System32\cfgmgr32.dll
0x00007ffe04a10000 - 0x00007ffe04a1f000 	C:\Program Files\Java\jre1.8.0_241\bin\verify.dll
0x00007ffdfaf60000 - 0x00007ffdfaf89000 	C:\Program Files\Java\jre1.8.0_241\bin\java.dll
0x00007ffdfe3c0000 - 0x00007ffdfe3d6000 	C:\Program Files\Java\jre1.8.0_241\bin\zip.dll

VM Arguments:
jvm_args: -Dfile.encoding=Cp1252 
java_command: de.TrainingsSchedule.controller.main.ControllerMain
java_class_path (initial): C:\Users\wittn\workspaces\git\TrainingsSchedule2.0\TrainingsSchedule2.0\target\classes;C:\Users\wittn\.m2\repository\org\projectlombok\lombok\1.18.10\lombok-1.18.10.jar;C:\Users\wittn\.m2\repository\com\itextpdf\itextpdf\5.5.13.1\itextpdf-5.5.13.1.jar;C:\Users\wittn\.m2\repository\org\jfree\jfreechart\1.5.0\jfreechart-1.5.0.jar;C:\Users\wittn\.m2\repository\org\apache\commons\commons-lang3\3.9\commons-lang3-3.9.jar;C:\Users\wittn\.m2\repository\org\apache\commons\commons-math3\3.6.1\commons-math3-3.6.1.jar
Launcher Type: SUN_STANDARD

Environment Variables:
PATH=C:/Program Files/Java/jre1.8.0_241/bin/server;C:/Program Files/Java/jre1.8.0_241/bin;C:/Program Files/Java/jre1.8.0_241/lib/amd64;C:\Program Files (x86)\Common Files\Oracle\Java\javapath;C:\WINDOWS\system32;C:\WINDOWS;C:\WINDOWS\System32\Wbem;C:\WINDOWS\System32\WindowsPowerShell\v1.0\;C:\WINDOWS\System32\OpenSSH\;C:\Users\wittn\AppData\Local\Microsoft\WindowsApps;;C:\Program Files\JetBrains\PyCharm Community Edition 2019.1\bin;;C:\Program Files (x86)\eclipse;
USERNAME=Dominic Wittner
OS=Windows_NT
PROCESSOR_IDENTIFIER=Intel64 Family 6 Model 92 Stepping 9, GenuineIntel



---------------  S Y S T E M  ---------------

OS: Windows 10.0 , 64 bit Build 18362 (10.0.18362.329)

CPU:total 4 (initial active 4) (4 cores per cpu, 1 threads per core) family 6 model 92 stepping 9, cmov, cx8, fxsr, mmx, sse, sse2, sse3, ssse3, sse4.1, sse4.2, popcnt, aes, clmul, erms, 3dnowpref, tsc, tscinvbit

Memory: 4k page, physical 4030688k(602132k free), swap 11518428k(5360k free)

vm_info: Java HotSpot(TM) 64-Bit Server VM (25.241-b07) for windows-amd64 JRE (1.8.0_241-b07), built on Dec 11 2019 10:21:40 by "rejava" with MS VC++ 10.0 (VS2010)

time: Wed Feb 19 15:34:15 2020
timezone: W. Europe Standard Time
elapsed time: 0 seconds (0d 0h 0m 0s)

