#
# There is insufficient memory for the Java Runtime Environment to continue.
# Native memory allocation (malloc) failed to allocate 389536 bytes for Chunk::new
# Possible reasons:
#   The system is out of physical RAM or swap space
#   The process is running with CompressedOops enabled, and the Java Heap may be blocking the growth of the native heap
# Possible solutions:
#   Reduce memory load on the system
#   Increase physical memory or swap space
#   Check if swap backing store is full
#   Decrease Java heap size (-Xmx/-Xms)
#   Decrease number of Java threads
#   Decrease Java thread stack sizes (-Xss)
#   Set larger code cache with -XX:ReservedCodeCacheSize=
#   JVM is running with Unscaled Compressed Oops mode in which the Java heap is
#     placed in the first 4GB address space. The Java Heap base address is the
#     maximum limit for the native heap growth. Please use -XX:HeapBaseMinAddress
#     to set the Java Heap base and to place the Java Heap above 4GB virtual address.
# This output file may be truncated or incomplete.
#
#  Out of Memory Error (allocation.cpp:389), pid=2968, tid=0x0000000000001c0c
#
# JRE version: Java(TM) SE Runtime Environment (8.0_241-b07) (build 1.8.0_241-b07)
# Java VM: Java HotSpot(TM) 64-Bit Server VM (25.241-b07 mixed mode windows-amd64 compressed oops)
# Failed to write core dump. Minidumps are not enabled by default on client versions of Windows
#

---------------  T H R E A D  ---------------

Current thread (0x000000001512b800):  JavaThread "C2 CompilerThread1" daemon [_thread_in_native, id=7180, stack(0x0000000016880000,0x0000000016980000)]

Stack: [0x0000000016880000,0x0000000016980000]
[error occurred during error reporting (printing stack bounds), id 0xc0000005]

Native frames: (J=compiled Java code, j=interpreted, Vv=VM code, C=native code)


Current CompileTask:
C2:   4602 1150       4       java.util.regex.Pattern$Curly::match (86 bytes)


---------------  P R O C E S S  ---------------

Java Threads: ( => current thread )
  0x000000001760b000 JavaThread "AWT-Windows" daemon [_thread_in_native, id=10288, stack(0x0000000017fc0000,0x00000000180c0000)]
  0x0000000017577000 JavaThread "Java2D Disposer" daemon [_thread_blocked, id=12836, stack(0x0000000017dc0000,0x0000000017ec0000)]
  0x0000000016aa5000 JavaThread "Service Thread" daemon [_thread_blocked, id=8056, stack(0x0000000016e80000,0x0000000016f80000)]
  0x0000000015131000 JavaThread "C1 CompilerThread2" daemon [_thread_blocked, id=4608, stack(0x0000000016980000,0x0000000016a80000)]
=>0x000000001512b800 JavaThread "C2 CompilerThread1" daemon [_thread_in_native, id=7180, stack(0x0000000016880000,0x0000000016980000)]
  0x000000001511e000 JavaThread "C2 CompilerThread0" daemon [_thread_in_native, id=6004, stack(0x0000000016780000,0x0000000016880000)]
  0x000000001511c000 JavaThread "Attach Listener" daemon [_thread_blocked, id=2332, stack(0x0000000016680000,0x0000000016780000)]
  0x000000001511b000 JavaThread "Signal Dispatcher" daemon [_thread_blocked, id=6376, stack(0x0000000016580000,0x0000000016680000)]
  0x000000001510a800 JavaThread "Finalizer" daemon [_thread_blocked, id=6460, stack(0x0000000016380000,0x0000000016480000)]
  0x0000000002a62000 JavaThread "Reference Handler" daemon [_thread_blocked, id=9480, stack(0x0000000016280000,0x0000000016380000)]
  0x0000000002d0e000 JavaThread "main" [_thread_in_Java, id=5444, stack(0x00000000010b0000,0x00000000011b0000)]

Other Threads:
  0x00000000150e7800 VMThread [stack: 0x0000000016180000,0x0000000016280000] [id=8932]
  0x0000000016aa6800 WatcherThread [stack: 0x0000000016f80000,0x0000000017080000] [id=12732]

VM state:not at safepoint (normal execution)

VM Mutex/Monitor currently owned by a thread: None

heap address: 0x00000000c2600000, size: 986 MB, Compressed Oops mode: 32-bit
Narrow klass base: 0x0000000000000000, Narrow klass shift: 3
Compressed class space size: 1073741824 Address: 0x0000000100000000

Heap:
 PSYoungGen      total 18432K, used 9209K [0x00000000eb780000, 0x00000000ecc00000, 0x0000000100000000)
  eden space 15872K, 42% used [0x00000000eb780000,0x00000000ebe05ab8,0x00000000ec700000)
  from space 2560K, 98% used [0x00000000ec980000,0x00000000ecbf8ae8,0x00000000ecc00000)
  to   space 2560K, 0% used [0x00000000ec700000,0x00000000ec700000,0x00000000ec980000)
 ParOldGen       total 42496K, used 3551K [0x00000000c2600000, 0x00000000c4f80000, 0x00000000eb780000)
  object space 42496K, 8% used [0x00000000c2600000,0x00000000c2977d88,0x00000000c4f80000)
 Metaspace       used 17046K, capacity 17326K, committed 17792K, reserved 1064960K
  class space    used 1948K, capacity 2049K, committed 2176K, reserved 1048576K

Card table byte_map: [0x00000000120d0000,0x00000000122c0000] byte_map_base: 0x0000000011abd000

Marking Bits: (ParMarkBitMap*) 0x000000006690be30
 Begin Bits: [0x00000000126c0000, 0x0000000013628000)
 End Bits:   [0x0000000013628000, 0x0000000014590000)

Polling page: 0x00000000007e0000

CodeCache: size=245760Kb used=4086Kb max_used=4086Kb free=241673Kb
 bounds [0x0000000002d10000, 0x0000000003110000, 0x0000000011d10000]
 total_blobs=1867 nmethods=1201 adapters=579
 compilation: disabled (not enough contiguous free space left)

Compilation events (10 events):
Event: 4.584 Thread 0x0000000015131000 nmethod 1193 0x00000000031038d0 code [0x0000000003103a20, 0x0000000003103b30]
Event: 4.585 Thread 0x0000000015131000 1200       3       java.util.regex.Pattern::group0 (994 bytes)
Event: 4.594 Thread 0x0000000015131000 nmethod 1200 0x0000000003103b90 code [0x0000000003104340, 0x0000000003108cc8]
Event: 4.594 Thread 0x0000000015131000 1209       3       java.util.regex.Matcher::find (69 bytes)
Event: 4.595 Thread 0x0000000015131000 nmethod 1209 0x000000000310be50 code [0x000000000310bfc0, 0x000000000310c368]
Event: 4.595 Thread 0x0000000015131000 1201       3       com.itextpdf.text.pdf.BidiLine::addPiece (110 bytes)
Event: 4.595 Thread 0x0000000015131000 nmethod 1201 0x000000000310c450 code [0x000000000310c600, 0x000000000310ccf8]
Event: 4.595 Thread 0x0000000015131000 1206   !   3       java.util.regex.Pattern::<init> (98 bytes)
Event: 4.597 Thread 0x0000000015131000 nmethod 1206 0x000000000310cf50 code [0x000000000310d140, 0x000000000310dae8]
Event: 4.597 Thread 0x0000000015131000 1205       3       com.itextpdf.text.Utilities::isSurrogatePair (40 bytes)

GC Heap History (4 events):
Event: 2.986 GC heap before
{Heap before GC invocations=1 (full 0):
 PSYoungGen      total 18432K, used 15872K [0x00000000eb780000, 0x00000000ecc00000, 0x0000000100000000)
  eden space 15872K, 100% used [0x00000000eb780000,0x00000000ec700000,0x00000000ec700000)
  from space 2560K, 0% used [0x00000000ec980000,0x00000000ec980000,0x00000000ecc00000)
  to   space 2560K, 0% used [0x00000000ec700000,0x00000000ec700000,0x00000000ec980000)
 ParOldGen       total 42496K, used 0K [0x00000000c2600000, 0x00000000c4f80000, 0x00000000eb780000)
  object space 42496K, 0% used [0x00000000c2600000,0x00000000c2600000,0x00000000c4f80000)
 Metaspace       used 9627K, capacity 9832K, committed 9984K, reserved 1058816K
  class space    used 1178K, capacity 1280K, committed 1280K, reserved 1048576K
Event: 2.994 GC heap after
Heap after GC invocations=1 (full 0):
 PSYoungGen      total 18432K, used 2534K [0x00000000eb780000, 0x00000000ecc00000, 0x0000000100000000)
  eden space 15872K, 0% used [0x00000000eb780000,0x00000000eb780000,0x00000000ec700000)
  from space 2560K, 98% used [0x00000000ec700000,0x00000000ec9798c0,0x00000000ec980000)
  to   space 2560K, 0% used [0x00000000ec980000,0x00000000ec980000,0x00000000ecc00000)
 ParOldGen       total 42496K, used 1496K [0x00000000c2600000, 0x00000000c4f80000, 0x00000000eb780000)
  object space 42496K, 3% used [0x00000000c2600000,0x00000000c2776138,0x00000000c4f80000)
 Metaspace       used 9627K, capacity 9832K, committed 9984K, reserved 1058816K
  class space    used 1178K, capacity 1280K, committed 1280K, reserved 1048576K
}
Event: 4.237 GC heap before
{Heap before GC invocations=2 (full 0):
 PSYoungGen      total 18432K, used 18406K [0x00000000eb780000, 0x00000000ecc00000, 0x0000000100000000)
  eden space 15872K, 100% used [0x00000000eb780000,0x00000000ec700000,0x00000000ec700000)
  from space 2560K, 98% used [0x00000000ec700000,0x00000000ec9798c0,0x00000000ec980000)
  to   space 2560K, 0% used [0x00000000ec980000,0x00000000ec980000,0x00000000ecc00000)
 ParOldGen       total 42496K, used 1496K [0x00000000c2600000, 0x00000000c4f80000, 0x00000000eb780000)
  object space 42496K, 3% used [0x00000000c2600000,0x00000000c2776138,0x00000000c4f80000)
 Metaspace       used 15539K, capacity 15790K, committed 16128K, reserved 1062912K
  class space    used 1826K, capacity 1921K, committed 2048K, reserved 1048576K
Event: 4.246 GC heap after
Heap after GC invocations=2 (full 0):
 PSYoungGen      total 18432K, used 2530K [0x00000000eb780000, 0x00000000ecc00000, 0x0000000100000000)
  eden space 15872K, 0% used [0x00000000eb780000,0x00000000eb780000,0x00000000ec700000)
  from space 2560K, 98% used [0x00000000ec980000,0x00000000ecbf8ae8,0x00000000ecc00000)
  to   space 2560K, 0% used [0x00000000ec700000,0x00000000ec700000,0x00000000ec980000)
 ParOldGen       total 42496K, used 3551K [0x00000000c2600000, 0x00000000c4f80000, 0x00000000eb780000)
  object space 42496K, 8% used [0x00000000c2600000,0x00000000c2977d88,0x00000000c4f80000)
 Metaspace       used 15539K, capacity 15790K, committed 16128K, reserved 1062912K
  class space    used 1826K, capacity 1921K, committed 2048K, reserved 1048576K
}

Deoptimization events (10 events):
Event: 2.857 Thread 0x0000000002d0e000 Uncommon trap: reason=unstable_if action=reinterpret pc=0x0000000002eb9a68 method=java.lang.String.startsWith(Ljava/lang/String;I)Z @ 25
Event: 2.889 Thread 0x0000000002d0e000 Uncommon trap: reason=class_check action=maybe_recompile pc=0x0000000002e79edc method=java.lang.String.equals(Ljava/lang/Object;)Z @ 8
Event: 2.889 Thread 0x0000000002d0e000 Uncommon trap: reason=class_check action=maybe_recompile pc=0x0000000002e79edc method=java.lang.String.equals(Ljava/lang/Object;)Z @ 8
Event: 2.889 Thread 0x0000000002d0e000 Uncommon trap: reason=class_check action=maybe_recompile pc=0x0000000002e79edc method=java.lang.String.equals(Ljava/lang/Object;)Z @ 8
Event: 2.890 Thread 0x0000000002d0e000 Uncommon trap: reason=class_check action=maybe_recompile pc=0x0000000002e79edc method=java.lang.String.equals(Ljava/lang/Object;)Z @ 8
Event: 4.395 Thread 0x0000000002d0e000 Uncommon trap: reason=unstable_if action=reinterpret pc=0x0000000002f4ec24 method=com.itextpdf.text.pdf.ByteBuffer.append_i(I)Lcom/itextpdf/text/pdf/ByteBuffer; @ 13
Event: 4.549 Thread 0x0000000002d0e000 Uncommon trap: reason=class_check action=maybe_recompile pc=0x00000000030e5874 method=java.util.regex.Pattern$BmpCharProperty.match(Ljava/util/regex/Matcher;ILjava/lang/CharSequence;)Z @ 31
Event: 4.550 Thread 0x0000000002d0e000 Uncommon trap: reason=class_check action=maybe_recompile pc=0x00000000030e5874 method=java.util.regex.Pattern$BmpCharProperty.match(Ljava/util/regex/Matcher;ILjava/lang/CharSequence;)Z @ 31
Event: 4.551 Thread 0x0000000002d0e000 Uncommon trap: reason=class_check action=maybe_recompile pc=0x00000000030e5874 method=java.util.regex.Pattern$BmpCharProperty.match(Ljava/util/regex/Matcher;ILjava/lang/CharSequence;)Z @ 31
Event: 4.551 Thread 0x0000000002d0e000 Uncommon trap: reason=class_check action=maybe_recompile pc=0x00000000030e5874 method=java.util.regex.Pattern$BmpCharProperty.match(Ljava/util/regex/Matcher;ILjava/lang/CharSequence;)Z @ 31

Classes redefined (0 events):
No events

Internal exceptions (10 events):
Event: 2.245 Thread 0x0000000002d0e000 Exception <a 'java/lang/ArrayIndexOutOfBoundsException'> (0x00000000eb976a20) thrown at [C:\ade\jenkins\workspace\8-2-build-windows-amd64-cygwin\jdk8u241\331\hotspot\src\share\vm\runtime\sharedRuntime.cpp, line 605]
Event: 2.245 Thread 0x0000000002d0e000 Exception <a 'java/lang/ArrayIndexOutOfBoundsException'> (0x00000000eb977818) thrown at [C:\ade\jenkins\workspace\8-2-build-windows-amd64-cygwin\jdk8u241\331\hotspot\src\share\vm\runtime\sharedRuntime.cpp, line 605]
Event: 2.245 Thread 0x0000000002d0e000 Exception <a 'java/lang/ArrayIndexOutOfBoundsException'> (0x00000000eb978590) thrown at [C:\ade\jenkins\workspace\8-2-build-windows-amd64-cygwin\jdk8u241\331\hotspot\src\share\vm\runtime\sharedRuntime.cpp, line 605]
Event: 2.250 Thread 0x0000000002d0e000 Exception <a 'java/lang/ArrayIndexOutOfBoundsException'> (0x00000000eb983958) thrown at [C:\ade\jenkins\workspace\8-2-build-windows-amd64-cygwin\jdk8u241\331\hotspot\src\share\vm\runtime\sharedRuntime.cpp, line 605]
Event: 2.255 Thread 0x0000000002d0e000 Exception <a 'java/lang/ArrayIndexOutOfBoundsException'> (0x00000000eb98b3e0) thrown at [C:\ade\jenkins\workspace\8-2-build-windows-amd64-cygwin\jdk8u241\331\hotspot\src\share\vm\runtime\sharedRuntime.cpp, line 605]
Event: 2.257 Thread 0x0000000002d0e000 Exception <a 'java/lang/ArrayIndexOutOfBoundsException': 70> (0x00000000eb990388) thrown at [C:\ade\jenkins\workspace\8-2-build-windows-amd64-cygwin\jdk8u241\331\hotspot\src\share\vm\interpreter\interpreterRuntime.cpp, line 368]
Event: 2.574 Thread 0x0000000002d0e000 Exception <a 'java/lang/NoSuchFieldError': method resolution failed> (0x00000000ebc0f218) thrown at [C:\ade\jenkins\workspace\8-2-build-windows-amd64-cygwin\jdk8u241\331\hotspot\src\share\vm\prims\methodHandles.cpp, line 1167]
Event: 2.578 Thread 0x0000000002d0e000 Exception <a 'java/lang/NoSuchFieldError': method resolution failed> (0x00000000ebc1c5b8) thrown at [C:\ade\jenkins\workspace\8-2-build-windows-amd64-cygwin\jdk8u241\331\hotspot\src\share\vm\prims\methodHandles.cpp, line 1167]
Event: 3.082 Thread 0x0000000002d0e000 Exception <a 'java/io/FileNotFoundException'> (0x00000000ebb47aa0) thrown at [C:\ade\jenkins\workspace\8-2-build-windows-amd64-cygwin\jdk8u241\331\hotspot\src\share\vm\prims\jni.cpp, line 710]
Event: 3.326 Thread 0x0000000002d0e000 Exception <a 'java/io/FileNotFoundException'> (0x00000000ebdd6650) thrown at [C:\ade\jenkins\workspace\8-2-build-windows-amd64-cygwin\jdk8u241\331\hotspot\src\share\vm\prims\jni.cpp, line 710]

Events (10 events):
Event: 4.551 Thread 0x0000000002d0e000 DEOPT PACKING pc=0x00000000030e5874 sp=0x00000000011ae340
Event: 4.551 Thread 0x0000000002d0e000 DEOPT UNPACKING pc=0x0000000002d5583b sp=0x00000000011ae300 mode 2
Event: 4.556 loading class com/itextpdf/text/log/Level
Event: 4.556 loading class com/itextpdf/text/log/Level done
Event: 4.558 loading class com/itextpdf/text/pdf/PdfPTable$ColumnMeasurementState
Event: 4.558 loading class com/itextpdf/text/pdf/PdfPTable$ColumnMeasurementState done
Event: 4.559 loading class com/itextpdf/text/pdf/PdfPTable$FittingRows
Event: 4.559 loading class com/itextpdf/text/pdf/PdfPTable$FittingRows done
Event: 4.573 loading class com/itextpdf/text/pdf/PdfArtifact
Event: 4.573 loading class com/itextpdf/text/pdf/PdfArtifact done


Dynamic libraries:
0x00007ff78b4e0000 - 0x00007ff78b517000 	C:\Program Files\Java\jre1.8.0_241\bin\javaw.exe
0x00007ffe0b8e0000 - 0x00007ffe0bad0000 	C:\WINDOWS\SYSTEM32\ntdll.dll
0x00007ffe0b5a0000 - 0x00007ffe0b652000 	C:\WINDOWS\System32\KERNEL32.DLL
0x00007ffe08bd0000 - 0x00007ffe08e73000 	C:\WINDOWS\System32\KERNELBASE.dll
0x00007ffe09a10000 - 0x00007ffe09ab3000 	C:\WINDOWS\System32\ADVAPI32.dll
0x00007ffe0b7a0000 - 0x00007ffe0b83e000 	C:\WINDOWS\System32\msvcrt.dll
0x00007ffe09c10000 - 0x00007ffe09ca7000 	C:\WINDOWS\System32\sechost.dll
0x00007ffe0a640000 - 0x00007ffe0a760000 	C:\WINDOWS\System32\RPCRT4.dll
0x00007ffe09cb0000 - 0x00007ffe09e44000 	C:\WINDOWS\System32\USER32.dll
0x00007ffe097c0000 - 0x00007ffe097e1000 	C:\WINDOWS\System32\win32u.dll
0x00007ffe09e50000 - 0x00007ffe09e76000 	C:\WINDOWS\System32\GDI32.dll
0x00007ffe097f0000 - 0x00007ffe09984000 	C:\WINDOWS\System32\gdi32full.dll
0x00007ffe088c0000 - 0x00007ffe0895e000 	C:\WINDOWS\System32\msvcp_win.dll
0x00007ffe08980000 - 0x00007ffe08a7a000 	C:\WINDOWS\System32\ucrtbase.dll
0x00007ffdec600000 - 0x00007ffdec885000 	C:\WINDOWS\WinSxS\amd64_microsoft.windows.common-controls_6595b64144ccf1df_6.0.18362.657_none_e6c5b579130e3898\COMCTL32.dll
0x00007ffe0a760000 - 0x00007ffe0aa96000 	C:\WINDOWS\System32\combase.dll
0x00007ffe08ee0000 - 0x00007ffe08f60000 	C:\WINDOWS\System32\bcryptPrimitives.dll
0x00007ffe0b570000 - 0x00007ffe0b59e000 	C:\WINDOWS\System32\IMM32.DLL
0x0000000066000000 - 0x00000000660d2000 	C:\Program Files\Java\jre1.8.0_241\bin\msvcr100.dll
0x00000000660e0000 - 0x000000006698c000 	C:\Program Files\Java\jre1.8.0_241\bin\server\jvm.dll
0x00007ffe0b4e0000 - 0x00007ffe0b4e8000 	C:\WINDOWS\System32\PSAPI.DLL
0x00007ffdf7b60000 - 0x00007ffdf7b69000 	C:\WINDOWS\SYSTEM32\WSOCK32.dll
0x00007ffdfaf20000 - 0x00007ffdfaf44000 	C:\WINDOWS\SYSTEM32\WINMM.dll
0x00007ffe0afc0000 - 0x00007ffe0b02f000 	C:\WINDOWS\System32\WS2_32.dll
0x00007ffdff1d0000 - 0x00007ffdff1da000 	C:\WINDOWS\SYSTEM32\VERSION.dll
0x00007ffdfa380000 - 0x00007ffdfa3ad000 	C:\WINDOWS\SYSTEM32\WINMMBASE.dll
0x00007ffe08870000 - 0x00007ffe088ba000 	C:\WINDOWS\System32\cfgmgr32.dll
0x00007ffe04a10000 - 0x00007ffe04a1f000 	C:\Program Files\Java\jre1.8.0_241\bin\verify.dll
0x00007ffdfaf60000 - 0x00007ffdfaf89000 	C:\Program Files\Java\jre1.8.0_241\bin\java.dll
0x00007ffdfe3c0000 - 0x00007ffdfe3d6000 	C:\Program Files\Java\jre1.8.0_241\bin\zip.dll
0x00007ffe09f50000 - 0x00007ffe0a635000 	C:\WINDOWS\System32\SHELL32.dll
0x00007ffe0b030000 - 0x00007ffe0b0d9000 	C:\WINDOWS\System32\shcore.dll
0x00007ffe08f60000 - 0x00007ffe096df000 	C:\WINDOWS\System32\windows.storage.dll
0x00007ffe08850000 - 0x00007ffe0886f000 	C:\WINDOWS\System32\profapi.dll
0x00007ffe087e0000 - 0x00007ffe0882a000 	C:\WINDOWS\System32\powrprof.dll
0x00007ffe087b0000 - 0x00007ffe087c0000 	C:\WINDOWS\System32\UMPDC.dll
0x00007ffe0b4f0000 - 0x00007ffe0b542000 	C:\WINDOWS\System32\shlwapi.dll
0x00007ffe08830000 - 0x00007ffe08841000 	C:\WINDOWS\System32\kernel.appcore.dll
0x00007ffe08960000 - 0x00007ffe08977000 	C:\WINDOWS\System32\cryptsp.dll
0x00007ffdf4410000 - 0x00007ffdf442a000 	C:\Program Files\Java\jre1.8.0_241\bin\net.dll
0x00007ffe07fc0000 - 0x00007ffe08027000 	C:\WINDOWS\system32\mswsock.dll
0x00007ffdf32c0000 - 0x00007ffdf32d2000 	C:\Program Files\Java\jre1.8.0_241\bin\nio.dll
0x00007ffdc5790000 - 0x00007ffdc592a000 	C:\Program Files\Java\jre1.8.0_241\bin\awt.dll
0x00007ffe0b250000 - 0x00007ffe0b314000 	C:\WINDOWS\System32\OLEAUT32.dll
0x00007ffe066f0000 - 0x00007ffe0677f000 	C:\WINDOWS\SYSTEM32\apphelp.dll
0x00007ffe06780000 - 0x00007ffe06819000 	C:\WINDOWS\system32\uxtheme.dll
0x00007ffe0b660000 - 0x00007ffe0b795000 	C:\WINDOWS\System32\MSCTF.dll
0x00007ffe0b0f0000 - 0x00007ffe0b246000 	C:\WINDOWS\System32\ole32.dll
0x00007ffe06990000 - 0x00007ffe069bd000 	C:\WINDOWS\system32\DWMAPI.DLL
0x00007ffde8690000 - 0x00007ffde86d9000 	C:\Program Files\Java\jre1.8.0_241\bin\fontmanager.dll
0x00007ffdf8a10000 - 0x00007ffdf8b66000 	C:\WINDOWS\system32\opengl32.dll
0x00007ffdff1f0000 - 0x00007ffdff21c000 	C:\WINDOWS\SYSTEM32\GLU32.dll
0x00007ffe07420000 - 0x00007ffe07440000 	C:\WINDOWS\SYSTEM32\dxcore.dll
0x00007ffde2d20000 - 0x00007ffde2d62000 	C:\Program Files\Java\jre1.8.0_241\bin\t2k.dll
0x00007ffdfd080000 - 0x00007ffdfd0aa000 	C:\Program Files\Java\jre1.8.0_241\bin\dcpr.dll
0x00007ffde7170000 - 0x00007ffde71a1000 	C:\Program Files\Java\jre1.8.0_241\bin\jpeg.dll
0x00007ffe07b30000 - 0x00007ffe07b63000 	C:\WINDOWS\system32\rsaenh.dll
0x00007ffe09790000 - 0x00007ffe097b6000 	C:\WINDOWS\System32\bcrypt.dll
0x00007ffe086d0000 - 0x00007ffe086f5000 	C:\WINDOWS\SYSTEM32\USERENV.dll
0x00007ffe08190000 - 0x00007ffe0819c000 	C:\WINDOWS\SYSTEM32\CRYPTBASE.dll
0x00007ffe07cd0000 - 0x00007ffe07d0a000 	C:\WINDOWS\SYSTEM32\IPHLPAPI.DLL
0x00007ffe0b320000 - 0x00007ffe0b328000 	C:\WINDOWS\System32\NSI.dll
0x00007ffdf9e10000 - 0x00007ffdf9e26000 	C:\WINDOWS\SYSTEM32\dhcpcsvc6.DLL
0x00007ffdfa600000 - 0x00007ffdfa61c000 	C:\WINDOWS\SYSTEM32\dhcpcsvc.DLL
0x00007ffe07d10000 - 0x00007ffe07dda000 	C:\WINDOWS\SYSTEM32\DNSAPI.dll

VM Arguments:
jvm_args: -Dfile.encoding=Cp1252 
java_command: de.TrainingsSchedule.controller.main.ControllerMain
java_class_path (initial): C:\Users\wittn\workspaces\git\TrainingsSchedule2.0\TrainingsSchedule2.0\target\classes;C:\Users\wittn\.m2\repository\org\projectlombok\lombok\1.18.10\lombok-1.18.10.jar;C:\Users\wittn\.m2\repository\com\itextpdf\itextpdf\5.5.13.1\itextpdf-5.5.13.1.jar;C:\Users\wittn\.m2\repository\org\jfree\jfreechart\1.5.0\jfreechart-1.5.0.jar;C:\Users\wittn\.m2\repository\org\apache\commons\commons-lang3\3.9\commons-lang3-3.9.jar;C:\Users\wittn\.m2\repository\org\apache\commons\commons-math3\3.6.1\commons-math3-3.6.1.jar
Launcher Type: SUN_STANDARD

Environment Variables:
PATH=C:/Program Files/Java/jre1.8.0_241/bin/server;C:/Program Files/Java/jre1.8.0_241/bin;C:/Program Files/Java/jre1.8.0_241/lib/amd64;C:\Program Files (x86)\Common Files\Oracle\Java\javapath;C:\WINDOWS\system32;C:\WINDOWS;C:\WINDOWS\System32\Wbem;C:\WINDOWS\System32\WindowsPowerShell\v1.0\;C:\WINDOWS\System32\OpenSSH\;C:\Users\wittn\AppData\Local\Microsoft\WindowsApps;;C:\Program Files\JetBrains\PyCharm Community Edition 2019.1\bin;;C:\Program Files (x86)\eclipse;
USERNAME=Dominic Wittner
OS=Windows_NT
PROCESSOR_IDENTIFIER=Intel64 Family 6 Model 92 Stepping 9, GenuineIntel



---------------  S Y S T E M  ---------------

OS: Windows 10.0 , 64 bit Build 18362 (10.0.18362.329)

CPU:total 4 (initial active 4) (4 cores per cpu, 1 threads per core) family 6 model 92 stepping 9, cmov, cx8, fxsr, mmx, sse, sse2, sse3, ssse3, sse4.1, sse4.2, popcnt, aes, clmul, erms, 3dnowpref, tsc, tscinvbit

Memory: 4k page, physical 4030688k(660024k free), swap 11518428k(5128k free)

vm_info: Java HotSpot(TM) 64-Bit Server VM (25.241-b07) for windows-amd64 JRE (1.8.0_241-b07), built on Dec 11 2019 10:21:40 by "rejava" with MS VC++ 10.0 (VS2010)

time: Wed Feb 19 15:35:40 2020
timezone: W. Europe Standard Time
elapsed time: 4 seconds (0d 0h 0m 4s)

